1662599528048	geckodriver	INFO	Listening on 127.0.0.1:50326
1662599530028	mozrunner::runner	INFO	Running command: "C:\\Program Files\\Mozilla Firefox\\firefox.exe" "--marionette" "-headless" "--remote-debugging-port" "50327" "--remote-allow-hosts" "localhost" "-no-remote" "-profile" "C:\\Users\\DA4B~1\\AppData\\Local\\Temp\\rust_mozprofilexILv8S"
*** You are running in headless mode.
1662599550144	Marionette	INFO	Marionette enabled
1662599550161	Marionette	INFO	Listening on port 50343
WebDriver BiDi listening on ws://localhost:50327
Read port: 50343
1662599550581	RemoteAgent	WARN	TLS certificate errors will be ignored for this session
[GFX1-]: RenderCompositorSWGL failed mapping default framebuffer, no dt
console.warn: SearchSettings: "get: No settings file exists, new profile?" (new NotFoundError("Could not open the file at C:\\Users\\DA4B~1\\AppData\\Local\\Temp\\rust_mozprofilexILv8S\\search.json.mozlz4", (void 0)))
DevTools listening on ws://localhost:50327/devtools/browser/e74e8ce0-3fd0-4b7f-af10-f64a9ceba69e
1662599562032	Marionette	INFO	Stopped listening on port 50343
JavaScript error: resource://gre/modules/Sqlite.jsm, line 1108: Error: Sqlite.jsm has been shutdown. Cannot open connection to: C:\Users\DA4B~1\AppData\Local\Temp\rust_mozprofilexILv8S\protections.sqlite
1662605940646	geckodriver	INFO	Listening on 127.0.0.1:53095
1662605942646	mozrunner::runner	INFO	Running command: "C:\\Program Files\\Mozilla Firefox\\firefox.exe" "--marionette" "-headless" "--remote-debugging-port" "53096" "--remote-allow-hosts" "localhost" "-no-remote" "-profile" "C:\\Users\\DA4B~1\\AppData\\Local\\Temp\\rust_mozprofilecyG1d6"
*** You are running in headless mode.
1662605971546	Marionette	INFO	Marionette enabled
1662605971568	Marionette	INFO	Listening on port 53132
Read port: 53132
WebDriver BiDi listening on ws://localhost:53096
1662605972523	RemoteAgent	WARN	TLS certificate errors will be ignored for this session
[GFX1-]: RenderCompositorSWGL failed mapping default framebuffer, no dt
console.warn: SearchSettings: "get: No settings file exists, new profile?" (new NotFoundError("Could not open the file at C:\\Users\\DA4B~1\\AppData\\Local\\Temp\\rust_mozprofilecyG1d6\\search.json.mozlz4", (void 0)))
DevTools listening on ws://localhost:53096/devtools/browser/3159e76a-0a75-48f8-bc30-79fc4dad1e71
